<?xml version="1.0" encoding="UTF-8"?>
<!-- Generated by org.testng.reporters.JUnitXMLReporter -->
<testsuite ignored="0" hostname="DESKTOP-FD23D29" failures="0" tests="10" name="EdgeTest" time="64.531" errors="0" timestamp="2025-01-06T06:16:59 IST">
  <testcase classname="testcases.LoginPageTest" name="loginWithInValidUsernameAndInvalidPassword" time="0.0">
    <skipped/>
  </testcase> <!-- loginWithInValidUsernameAndInvalidPassword -->
  <testcase classname="testcases.LoginPageTest" name="loginWithInValidUsernameAndInvalidPassword" time="0.0">
    <skipped/>
  </testcase> <!-- loginWithInValidUsernameAndInvalidPassword -->
  <testcase classname="testcases.LoginPageTest" name="loginWithInValidUsernameAndInvalidPassword" time="0.0">
    <skipped/>
  </testcase> <!-- loginWithInValidUsernameAndInvalidPassword -->
  <testcase classname="testcases.LoginPageTest" name="loginWithInvalidUsernameAndValidPassword" time="0.0">
    <skipped/>
  </testcase> <!-- loginWithInvalidUsernameAndValidPassword -->
  <testcase classname="testcases.LoginPageTest" name="loginWithInvalidUsernameAndValidPassword" time="0.0">
    <skipped/>
  </testcase> <!-- loginWithInvalidUsernameAndValidPassword -->
  <testcase classname="testcases.LoginPageTest" name="loginWithInvalidUsernameAndValidPassword" time="0.0">
    <skipped/>
  </testcase> <!-- loginWithInvalidUsernameAndValidPassword -->
  <testcase classname="testcases.LoginPageTest" name="loginWithValidCredentials" time="0.0">
    <skipped/>
  </testcase> <!-- loginWithValidCredentials -->
  <testcase classname="testcases.LoginPageTest" name="loginWithValidUsernameAndInvalidPassword" time="0.0">
    <skipped/>
  </testcase> <!-- loginWithValidUsernameAndInvalidPassword -->
  <testcase classname="testcases.LoginPageTest" name="loginWithValidUsernameAndInvalidPassword" time="0.0">
    <skipped/>
  </testcase> <!-- loginWithValidUsernameAndInvalidPassword -->
  <testcase classname="testcases.LoginPageTest" name="loginWithValidUsernameAndInvalidPassword" time="0.0">
    <skipped/>
  </testcase> <!-- loginWithValidUsernameAndInvalidPassword -->
</testsuite> <!-- EdgeTest -->
