<?xml version="1.0" encoding="UTF-8"?>
<testng-results ignored="0" total="2" passed="2" failed="0" skipped="0">
  <reporter-output>
  </reporter-output>
  <suite started-at="2025-01-17T14:28:40 IST" name="Mytestsuite" finished-at="2025-01-17T14:29:05 IST" duration-ms="24284">
    <groups>
    </groups>
    <test started-at="2025-01-17T14:28:40 IST" name="myTest" finished-at="2025-01-17T14:29:05 IST" duration-ms="24284">
      <class name="testcases.SubcategorytTest">
        <test-method is-config="true" signature="initializebrowser(java.lang.String)[pri:0, instance:testcases.SubcategorytTest@446a1e84]" started-at="2025-01-17T14:28:40 IST" name="initializebrowser" finished-at="2025-01-17T14:28:46 IST" duration-ms="5745" status="PASS">
          <params>
            <param index="0">
              <value>
                <![CDATA[Chrome]]>
              </value>
            </param>
          </params>
          <reporter-output>
          </reporter-output>
        </test-method> <!-- initializebrowser -->
        <test-method signature="verifyAddnewsubcategorywithvalidDetails()[pri:1, instance:testcases.SubcategorytTest@446a1e84]" started-at="2025-01-17T14:28:46 IST" name="verifyAddnewsubcategorywithvalidDetails" finished-at="2025-01-17T14:28:54 IST" duration-ms="8123" status="PASS">
          <reporter-output>
          </reporter-output>
        </test-method> <!-- verifyAddnewsubcategorywithvalidDetails -->
        <test-method is-config="true" signature="driverQuit(org.testng.ITestResult)[pri:0, instance:testcases.SubcategorytTest@446a1e84]" started-at="2025-01-17T14:28:54 IST" name="driverQuit" finished-at="2025-01-17T14:28:54 IST" duration-ms="2" status="PASS">
          <params>
            <param index="0">
              <value>
                <![CDATA[[TestResult name=verifyAddnewsubcategorywithvalidDetails status=SUCCESS method=SubcategorytTest.verifyAddnewsubcategorywithvalidDetails()[pri:1, instance:testcases.SubcategorytTest@446a1e84] output={null}]]]>
              </value>
            </param>
          </params>
          <reporter-output>
          </reporter-output>
        </test-method> <!-- driverQuit -->
        <test-method is-config="true" signature="initializebrowser(java.lang.String)[pri:0, instance:testcases.SubcategorytTest@446a1e84]" started-at="2025-01-17T14:28:54 IST" name="initializebrowser" finished-at="2025-01-17T14:28:59 IST" duration-ms="5208" status="PASS">
          <params>
            <param index="0">
              <value>
                <![CDATA[Chrome]]>
              </value>
            </param>
          </params>
          <reporter-output>
          </reporter-output>
        </test-method> <!-- initializebrowser -->
        <test-method signature="verifySubCategoryitemsearching()[pri:2, instance:testcases.SubcategorytTest@446a1e84]" started-at="2025-01-17T14:28:59 IST" name="verifySubCategoryitemsearching" finished-at="2025-01-17T14:29:05 IST" duration-ms="5073" status="PASS">
          <reporter-output>
          </reporter-output>
        </test-method> <!-- verifySubCategoryitemsearching -->
        <test-method is-config="true" signature="driverQuit(org.testng.ITestResult)[pri:0, instance:testcases.SubcategorytTest@446a1e84]" started-at="2025-01-17T14:29:05 IST" name="driverQuit" finished-at="2025-01-17T14:29:05 IST" duration-ms="1" status="PASS">
          <params>
            <param index="0">
              <value>
                <![CDATA[[TestResult name=verifySubCategoryitemsearching status=SUCCESS method=SubcategorytTest.verifySubCategoryitemsearching()[pri:2, instance:testcases.SubcategorytTest@446a1e84] output={null}]]]>
              </value>
            </param>
          </params>
          <reporter-output>
          </reporter-output>
        </test-method> <!-- driverQuit -->
      </class> <!-- testcases.SubcategorytTest -->
    </test> <!-- myTest -->
  </suite> <!-- Mytestsuite -->
</testng-results>
