<?xml version="1.0" encoding="UTF-8"?>
<testng-results ignored="0" total="2" passed="2" failed="0" skipped="0">
  <reporter-output>
  </reporter-output>
  <suite started-at="2025-01-20T10:18:26 IST" name="Mytestsuite" finished-at="2025-01-20T10:19:00 IST" duration-ms="33745">
    <groups>
    </groups>
    <test started-at="2025-01-20T10:18:26 IST" name="myTest" finished-at="2025-01-20T10:19:00 IST" duration-ms="33745">
      <class name="testcases.CategoryTest">
        <test-method is-config="true" signature="initializebrowser(java.lang.String)[pri:0, instance:testcases.CategoryTest@446a1e84]" started-at="2025-01-20T10:18:26 IST" name="initializebrowser" finished-at="2025-01-20T10:18:40 IST" duration-ms="13908" status="PASS">
          <params>
            <param index="0">
              <value>
                <![CDATA[Chrome]]>
              </value>
            </param>
          </params>
          <reporter-output>
          </reporter-output>
        </test-method> <!-- initializebrowser -->
        <test-method signature="verifyAddnewManagecategoryDetails()[pri:0, instance:testcases.CategoryTest@446a1e84]" started-at="2025-01-20T10:18:40 IST" name="verifyAddnewManagecategoryDetails" finished-at="2025-01-20T10:18:48 IST" duration-ms="8331" status="PASS">
          <reporter-output>
          </reporter-output>
        </test-method> <!-- verifyAddnewManagecategoryDetails -->
        <test-method is-config="true" signature="driverQuit(org.testng.ITestResult)[pri:0, instance:testcases.CategoryTest@446a1e84]" started-at="2025-01-20T10:18:48 IST" name="driverQuit" finished-at="2025-01-20T10:18:48 IST" duration-ms="2" status="PASS">
          <params>
            <param index="0">
              <value>
                <![CDATA[[TestResult name=verifyAddnewManagecategoryDetails status=SUCCESS method=CategoryTest.verifyAddnewManagecategoryDetails()[pri:0, instance:testcases.CategoryTest@446a1e84] output={null}]]]>
              </value>
            </param>
          </params>
          <reporter-output>
          </reporter-output>
        </test-method> <!-- driverQuit -->
        <test-method is-config="true" signature="initializebrowser(java.lang.String)[pri:0, instance:testcases.CategoryTest@446a1e84]" started-at="2025-01-20T10:18:48 IST" name="initializebrowser" finished-at="2025-01-20T10:18:55 IST" duration-ms="6244" status="PASS">
          <params>
            <param index="0">
              <value>
                <![CDATA[Chrome]]>
              </value>
            </param>
          </params>
          <reporter-output>
          </reporter-output>
        </test-method> <!-- initializebrowser -->
        <test-method signature="verifyCategoryButton()[pri:0, instance:testcases.CategoryTest@446a1e84]" started-at="2025-01-20T10:18:55 IST" name="verifyCategoryButton" finished-at="2025-01-20T10:19:00 IST" duration-ms="5120" status="PASS">
          <reporter-output>
          </reporter-output>
        </test-method> <!-- verifyCategoryButton -->
        <test-method is-config="true" signature="driverQuit(org.testng.ITestResult)[pri:0, instance:testcases.CategoryTest@446a1e84]" started-at="2025-01-20T10:19:00 IST" name="driverQuit" finished-at="2025-01-20T10:19:00 IST" duration-ms="1" status="PASS">
          <params>
            <param index="0">
              <value>
                <![CDATA[[TestResult name=verifyCategoryButton status=SUCCESS method=CategoryTest.verifyCategoryButton()[pri:0, instance:testcases.CategoryTest@446a1e84] output={null}]]]>
              </value>
            </param>
          </params>
          <reporter-output>
          </reporter-output>
        </test-method> <!-- driverQuit -->
      </class> <!-- testcases.CategoryTest -->
    </test> <!-- myTest -->
  </suite> <!-- Mytestsuite -->
</testng-results>
